[22:19:53] [Client thread/INFO]: Setting user: Player411
[22:20:02] [Client thread/INFO]: [OptiFine] *** Reflector Forge ***
[22:20:02] [Client thread/INFO]: [OptiFine] (Reflector) Class not present: net.minecraftforge.client.model.Attributes
[22:20:02] [Client thread/INFO]: [OptiFine] (Reflector) Class not present: mods.betterfoliage.client.BetterFoliageClient
[22:20:02] [Client thread/INFO]: [OptiFine] (Reflector) Class not present: net.minecraftforge.fml.common.asm.transformers.BlamingTransformer
[22:20:02] [Client thread/INFO]: [OptiFine] (Reflector) Class not present: net.minecraftforge.event.world.ChunkWatchEvent$UnWatch
[22:20:02] [Client thread/INFO]: [OptiFine] (Reflector) Class not present: net.minecraftforge.fml.relauncher.CoreModManager
[22:20:02] [Client thread/INFO]: [OptiFine] (Reflector) Class not present: net.minecraftforge.common.DimensionManager
[22:20:02] [Client thread/INFO]: [OptiFine] (Reflector) Class not present: net.minecraftforge.client.event.GuiScreenEvent$DrawScreenEvent$Pre
[22:20:02] [Client thread/INFO]: [OptiFine] (Reflector) Class not present: net.minecraftforge.client.event.GuiScreenEvent$DrawScreenEvent$Post
[22:20:02] [Client thread/INFO]: [OptiFine] (Reflector) Class not present: net.minecraftforge.client.event.EntityViewRenderEvent$CameraSetup
[22:20:02] [Client thread/INFO]: [OptiFine] (Reflector) Class not present: net.minecraftforge.client.event.EntityViewRenderEvent$FogColors
[22:20:02] [Client thread/INFO]: [OptiFine] (Reflector) Class not present: net.minecraftforge.client.event.EntityViewRenderEvent$RenderFogEvent
[22:20:02] [Client thread/INFO]: [OptiFine] (Reflector) Class not present: net.minecraftforge.fml.common.eventhandler.Event
[22:20:02] [Client thread/INFO]: [OptiFine] (Reflector) Class not present: net.minecraftforge.fml.common.eventhandler.EventBus
[22:20:02] [Client thread/INFO]: [OptiFine] (Reflector) Class not present: net.minecraftforge.fml.common.eventhandler.Event$Result
[22:20:02] [Client thread/INFO]: [OptiFine] (Reflector) Class not present: net.minecraftforge.common.property.ExtendedBlockState
[22:20:02] [Client thread/INFO]: [OptiFine] (Reflector) Class not present: net.minecraftforge.fml.client.FMLClientHandler
[22:20:02] [Client thread/INFO]: [OptiFine] (Reflector) Class not present: net.minecraftforge.fml.common.FMLCommonHandler
[22:20:02] [Client thread/INFO]: [OptiFine] (Reflector) Method not present: net.minecraft.world.biome.Biome.getWaterColorMultiplier
[22:20:02] [Client thread/INFO]: [OptiFine] (Reflector) Method not present: net.minecraft.block.Block.addDestroyEffects
[22:20:02] [Client thread/INFO]: [OptiFine] (Reflector) Method not present: net.minecraft.block.Block.addHitEffects
[22:20:02] [Client thread/INFO]: [OptiFine] (Reflector) Method not present: net.minecraft.block.Block.canCreatureSpawn
[22:20:02] [Client thread/INFO]: [OptiFine] (Reflector) Method not present: net.minecraft.block.Block.canRenderInLayer
[22:20:02] [Client thread/INFO]: [OptiFine] (Reflector) Method not present: net.minecraft.block.Block.doesSideBlockRendering
[22:20:02] [Client thread/INFO]: [OptiFine] (Reflector) Method not present: net.minecraft.block.Block.getBedDirection
[22:20:02] [Client thread/INFO]: [OptiFine] (Reflector) Method not present: net.minecraft.block.Block.getExtendedState
[22:20:02] [Client thread/INFO]: [OptiFine] (Reflector) Method not present: net.minecraft.block.Block.getSoundType
[22:20:02] [Client thread/INFO]: [OptiFine] (Reflector) Method not present: net.minecraft.block.Block.hasTileEntity
[22:20:02] [Client thread/INFO]: [OptiFine] (Reflector) Method not present: net.minecraft.block.Block.isAir
[22:20:02] [Client thread/INFO]: [OptiFine] (Reflector) Method not present: net.minecraft.block.Block.isBed
[22:20:02] [Client thread/INFO]: [OptiFine] (Reflector) Method not present: net.minecraft.block.Block.isBedFoot
[22:20:02] [Client thread/INFO]: [OptiFine] (Reflector) Method not present: net.minecraft.block.Block.isSideSolid
[22:20:02] [Client thread/INFO]: [OptiFine] (Reflector) Method not present: net.minecraft.world.ChunkCache.isSideSolid
[22:20:02] [Client thread/INFO]: [OptiFine] (Reflector) Method not present: net.minecraft.entity.Entity.canRiderInteract
[22:20:02] [Client thread/INFO]: [OptiFine] (Reflector) Field not present: net.minecraft.entity.Entity.captureDrops
[22:20:02] [Client thread/INFO]: [OptiFine] (Reflector) Field not present: net.minecraft.entity.Entity.capturedDrops
[22:20:02] [Client thread/INFO]: [OptiFine] (Reflector) Method not present: net.minecraft.entity.Entity.shouldRenderInPass
[22:20:02] [Client thread/INFO]: [OptiFine] (Reflector) Method not present: net.minecraft.entity.Entity.shouldRiderSit
[22:20:02] [Client thread/INFO]: [OptiFine] (Reflector) Class not present: net.minecraftforge.event.ForgeEventFactory
[22:20:02] [Client thread/INFO]: [OptiFine] (Reflector) Class not present: net.minecraftforge.common.ForgeHooks
[22:20:02] [Client thread/INFO]: [OptiFine] (Reflector) Class not present: net.minecraftforge.client.ForgeHooksClient
[22:20:02] [Client thread/INFO]: [OptiFine] (Reflector) Field not present: net.minecraft.item.Item.delegate
[22:20:02] [Client thread/INFO]: [OptiFine] (Reflector) Method not present: net.minecraft.item.Item.getDurabilityForDisplay
[22:20:02] [Client thread/INFO]: [OptiFine] (Reflector) Method not present: net.minecraft.item.Item.getRGBDurabilityForDisplay
[22:20:02] [Client thread/INFO]: [OptiFine] (Reflector) Method not present: net.minecraft.item.Item.onEntitySwing
[22:20:02] [Client thread/INFO]: [OptiFine] (Reflector) Method not present: net.minecraft.item.Item.shouldCauseReequipAnimation
[22:20:02] [Client thread/INFO]: [OptiFine] (Reflector) Method not present: net.minecraft.item.Item.showDurabilityBar
[22:20:02] [Client thread/INFO]: [OptiFine] (Reflector) Method not present: net.minecraft.client.renderer.block.model.ItemOverrideList.handleItemState
[22:20:02] [Client thread/INFO]: [OptiFine] (Reflector) Method not present: net.minecraft.item.ItemArmor.hasOverlay
[22:20:02] [Client thread/INFO]: [OptiFine] (Reflector) Method not present: net.minecraft.item.ItemRecord.getRecordResource
[22:20:02] [Client thread/INFO]: [OptiFine] (Reflector) Method not present: net.minecraft.client.settings.KeyBinding.setKeyConflictContext
[22:20:02] [Client thread/INFO]: [OptiFine] (Reflector) Method not present: net.minecraft.client.settings.KeyBinding.setKeyModifierAndCode
[22:20:02] [Client thread/INFO]: [OptiFine] (Reflector) Method not present: net.minecraft.client.settings.KeyBinding.getKeyModifier
[22:20:02] [Client thread/INFO]: [OptiFine] (Reflector) Class not present: net.minecraftforge.common.ForgeModContainer
[22:20:02] [Client thread/INFO]: [OptiFine] (Reflector) Method not present: net.minecraft.potion.Potion.shouldRenderHUD
[22:20:02] [Client thread/INFO]: [OptiFine] (Reflector) Method not present: net.minecraft.potion.Potion.renderHUDEffect
[22:20:02] [Client thread/INFO]: [OptiFine] (Reflector) Method not present: net.minecraft.potion.PotionEffect.isCurativeItem
[22:20:02] [Client thread/INFO]: [OptiFine] (Reflector) Method not present: net.minecraft.tileentity.TileEntity.canRenderBreaking
[22:20:02] [Client thread/INFO]: [OptiFine] (Reflector) Method not present: net.minecraft.tileentity.TileEntity.getRenderBoundingBox
[22:20:02] [Client thread/INFO]: [OptiFine] (Reflector) Method not present: net.minecraft.tileentity.TileEntity.hasFastRenderer
[22:20:02] [Client thread/INFO]: [OptiFine] (Reflector) Method not present: net.minecraft.tileentity.TileEntity.shouldRenderInPass
[22:20:02] [Client thread/INFO]: [OptiFine] (Reflector) Method not present: net.minecraft.client.renderer.vertex.VertexFormatElement$EnumUsage.preDraw
[22:20:02] [Client thread/INFO]: [OptiFine] (Reflector) Method not present: net.minecraft.client.renderer.vertex.VertexFormatElement$EnumUsage.postDraw
[22:20:02] [Client thread/INFO]: [OptiFine] (Reflector) Method not present: net.minecraft.world.World.countEntities
[22:20:02] [Client thread/INFO]: [OptiFine] (Reflector) Method not present: net.minecraft.world.World.getPerWorldStorage
[22:20:02] [Client thread/INFO]: [OptiFine] (Reflector) Method not present: net.minecraft.world.World.initCapabilities
[22:20:02] [Client thread/INFO]: [OptiFine] (Reflector) Method not present: net.minecraft.world.WorldProvider.getCloudRenderer
[22:20:02] [Client thread/INFO]: [OptiFine] (Reflector) Method not present: net.minecraft.world.WorldProvider.getSkyRenderer
[22:20:02] [Client thread/INFO]: [OptiFine] (Reflector) Method not present: net.minecraft.world.WorldProvider.getWeatherRenderer
[22:20:02] [Client thread/INFO]: [OptiFine] (Reflector) Class not present: net.minecraftforge.fml.client.GuiModList
[22:20:02] [Client thread/INFO]: [OptiFine] (Reflector) Class not present: net.minecraftforge.common.property.IExtendedBlockState
[22:20:02] [Client thread/INFO]: [OptiFine] (Reflector) Class not present: net.minecraftforge.client.model.IModel
[22:20:02] [Client thread/INFO]: [OptiFine] (Reflector) Class not present: net.minecraftforge.client.IRenderHandler
[22:20:02] [Client thread/INFO]: [OptiFine] (Reflector) Class not present: net.minecraftforge.client.ItemModelMesherForge
[22:20:02] [Client thread/INFO]: [OptiFine] (Reflector) Class not present: net.minecraftforge.client.settings.KeyConflictContext
[22:20:02] [Client thread/INFO]: [OptiFine] (Reflector) Class not present: net.minecraftforge.client.settings.KeyModifier
[22:20:02] [Client thread/INFO]: [OptiFine] (Reflector) Class not present: net.minecraft.launchwrapper.Launch
[22:20:02] [Client thread/INFO]: [OptiFine] (Reflector) Class not present: net.minecraftforge.client.model.pipeline.LightUtil
[22:20:02] [Client thread/INFO]: [OptiFine] (Reflector) Class not present: net.minecraftforge.common.MinecraftForge
[22:20:02] [Client thread/INFO]: [OptiFine] (Reflector) Class not present: net.minecraftforge.client.MinecraftForgeClient
[22:20:02] [Client thread/INFO]: [OptiFine] (Reflector) Class not present: net.minecraftforge.client.model.ModelLoader
[22:20:02] [Client thread/INFO]: [OptiFine] (Reflector) Class not present: net.minecraftforge.client.gui.NotificationModUpdateScreen
[22:20:02] [Client thread/INFO]: [OptiFine] (Reflector) Class not present: net.minecraftforge.client.event.RenderBlockOverlayEvent$OverlayType
[22:20:02] [Client thread/INFO]: [OptiFine] (Reflector) Class not present: net.minecraftforge.fml.client.registry.RenderingRegistry
[22:20:02] [Client thread/INFO]: [OptiFine] (Reflector) Class not present: net.minecraftforge.client.event.RenderItemInFrameEvent
[22:20:02] [Client thread/INFO]: [OptiFine] (Reflector) Class not present: net.minecraftforge.client.event.RenderLivingEvent$Pre
[22:20:02] [Client thread/INFO]: [OptiFine] (Reflector) Class not present: net.minecraftforge.client.event.RenderLivingEvent$Post
[22:20:02] [Client thread/INFO]: [OptiFine] (Reflector) Class not present: net.minecraftforge.client.event.RenderLivingEvent$Specials$Pre
[22:20:02] [Client thread/INFO]: [OptiFine] (Reflector) Class not present: net.minecraftforge.client.event.RenderLivingEvent$Specials$Post
[22:20:02] [Client thread/INFO]: [OptiFine] (Reflector) Class not present: net.minecraftforge.client.event.ScreenshotEvent
[22:20:02] [Client thread/INFO]: [OptiFine] (Reflector) Class not present: net.minecraftforge.fml.client.SplashProgress
[22:20:02] [Client thread/INFO]: [OptiFine] (Reflector) Class not present: net.minecraftforge.event.world.WorldEvent$Load
[22:20:02] [Client thread/INFO]: [OptiFine] *** Reflector Vanilla ***
[22:20:03] [Client thread/INFO]: [OptiFine] (Reflector) Class not present: optifine.OptiFineClassTransformer
[22:20:02] [Client thread/WARN]: Skipping bad option: lastServer:
[22:20:03] [Client thread/INFO]: LWJGL Version: 2.9.4
