[14:27:19] [Client thread/INFO]: Setting user: Player309
[14:27:21] [Client thread/INFO]: [OptiFine] *** Reflector Forge ***
[14:27:21] [Client thread/INFO]: [OptiFine] (Reflector) Class not present: net.minecraftforge.client.model.Attributes
[14:27:21] [Client thread/INFO]: [OptiFine] (Reflector) Class not present: mods.betterfoliage.client.BetterFoliageClient
[14:27:21] [Client thread/INFO]: [OptiFine] (Reflector) Class not present: net.minecraftforge.fml.common.asm.transformers.BlamingTransformer
[14:27:21] [Client thread/INFO]: [OptiFine] (Reflector) Class not present: net.minecraftforge.event.world.ChunkWatchEvent$UnWatch
[14:27:21] [Client thread/INFO]: [OptiFine] (Reflector) Class not present: net.minecraftforge.fml.relauncher.CoreModManager
[14:27:21] [Client thread/INFO]: [OptiFine] (Reflector) Class not present: net.minecraftforge.common.DimensionManager
[14:27:21] [Client thread/INFO]: [OptiFine] (Reflector) Class not present: net.minecraftforge.client.event.GuiScreenEvent$DrawScreenEvent$Pre
[14:27:21] [Client thread/INFO]: [OptiFine] (Reflector) Class not present: net.minecraftforge.client.event.GuiScreenEvent$DrawScreenEvent$Post
[14:27:21] [Client thread/INFO]: [OptiFine] (Reflector) Class not present: net.minecraftforge.client.event.EntityViewRenderEvent$CameraSetup
[14:27:21] [Client thread/INFO]: [OptiFine] (Reflector) Class not present: net.minecraftforge.client.event.EntityViewRenderEvent$FogColors
[14:27:21] [Client thread/INFO]: [OptiFine] (Reflector) Class not present: net.minecraftforge.client.event.EntityViewRenderEvent$RenderFogEvent
[14:27:21] [Client thread/INFO]: [OptiFine] (Reflector) Class not present: net.minecraftforge.fml.common.eventhandler.Event
[14:27:21] [Client thread/INFO]: [OptiFine] (Reflector) Class not present: net.minecraftforge.fml.common.eventhandler.EventBus
[14:27:21] [Client thread/INFO]: [OptiFine] (Reflector) Class not present: net.minecraftforge.fml.common.eventhandler.Event$Result
[14:27:21] [Client thread/INFO]: [OptiFine] (Reflector) Class not present: net.minecraftforge.common.property.ExtendedBlockState
[14:27:21] [Client thread/INFO]: [OptiFine] (Reflector) Class not present: net.minecraftforge.fml.client.FMLClientHandler
[14:27:21] [Client thread/INFO]: [OptiFine] (Reflector) Class not present: net.minecraftforge.fml.common.FMLCommonHandler
[14:27:21] [Client thread/INFO]: [OptiFine] (Reflector) Method not present: net.minecraft.world.biome.Biome.getWaterColorMultiplier
[14:27:21] [Client thread/INFO]: [OptiFine] (Reflector) Method not present: net.minecraft.block.Block.addDestroyEffects
[14:27:21] [Client thread/INFO]: [OptiFine] (Reflector) Method not present: net.minecraft.block.Block.addHitEffects
[14:27:21] [Client thread/INFO]: [OptiFine] (Reflector) Method not present: net.minecraft.block.Block.canCreatureSpawn
[14:27:21] [Client thread/INFO]: [OptiFine] (Reflector) Method not present: net.minecraft.block.Block.canRenderInLayer
[14:27:21] [Client thread/INFO]: [OptiFine] (Reflector) Method not present: net.minecraft.block.Block.doesSideBlockRendering
[14:27:21] [Client thread/INFO]: [OptiFine] (Reflector) Method not present: net.minecraft.block.Block.getBedDirection
[14:27:21] [Client thread/INFO]: [OptiFine] (Reflector) Method not present: net.minecraft.block.Block.getExtendedState
[14:27:21] [Client thread/INFO]: [OptiFine] (Reflector) Method not present: net.minecraft.block.Block.getSoundType
[14:27:21] [Client thread/INFO]: [OptiFine] (Reflector) Method not present: net.minecraft.block.Block.hasTileEntity
[14:27:21] [Client thread/INFO]: [OptiFine] (Reflector) Method not present: net.minecraft.block.Block.isAir
[14:27:21] [Client thread/INFO]: [OptiFine] (Reflector) Method not present: net.minecraft.block.Block.isBed
[14:27:21] [Client thread/INFO]: [OptiFine] (Reflector) Method not present: net.minecraft.block.Block.isBedFoot
[14:27:21] [Client thread/INFO]: [OptiFine] (Reflector) Method not present: net.minecraft.block.Block.isSideSolid
[14:27:21] [Client thread/INFO]: [OptiFine] (Reflector) Method not present: net.minecraft.world.ChunkCache.isSideSolid
[14:27:21] [Client thread/INFO]: [OptiFine] (Reflector) Method not present: net.minecraft.entity.Entity.canRiderInteract
[14:27:21] [Client thread/INFO]: [OptiFine] (Reflector) Field not present: net.minecraft.entity.Entity.captureDrops
[14:27:21] [Client thread/INFO]: [OptiFine] (Reflector) Field not present: net.minecraft.entity.Entity.capturedDrops
[14:27:21] [Client thread/INFO]: [OptiFine] (Reflector) Method not present: net.minecraft.entity.Entity.shouldRenderInPass
[14:27:21] [Client thread/INFO]: [OptiFine] (Reflector) Method not present: net.minecraft.entity.Entity.shouldRiderSit
[14:27:21] [Client thread/INFO]: [OptiFine] (Reflector) Class not present: net.minecraftforge.event.ForgeEventFactory
[14:27:21] [Client thread/INFO]: [OptiFine] (Reflector) Class not present: net.minecraftforge.common.ForgeHooks
[14:27:21] [Client thread/INFO]: [OptiFine] (Reflector) Class not present: net.minecraftforge.client.ForgeHooksClient
[14:27:21] [Client thread/INFO]: [OptiFine] (Reflector) Field not present: net.minecraft.item.Item.delegate
[14:27:21] [Client thread/INFO]: [OptiFine] (Reflector) Method not present: net.minecraft.item.Item.getDurabilityForDisplay
[14:27:21] [Client thread/INFO]: [OptiFine] (Reflector) Method not present: net.minecraft.item.Item.getRGBDurabilityForDisplay
[14:27:21] [Client thread/INFO]: [OptiFine] (Reflector) Method not present: net.minecraft.item.Item.onEntitySwing
[14:27:21] [Client thread/INFO]: [OptiFine] (Reflector) Method not present: net.minecraft.item.Item.shouldCauseReequipAnimation
[14:27:21] [Client thread/INFO]: [OptiFine] (Reflector) Method not present: net.minecraft.item.Item.showDurabilityBar
[14:27:21] [Client thread/INFO]: [OptiFine] (Reflector) Method not present: net.minecraft.client.renderer.block.model.ItemOverrideList.handleItemState
[14:27:21] [Client thread/INFO]: [OptiFine] (Reflector) Method not present: net.minecraft.item.ItemArmor.hasOverlay
[14:27:21] [Client thread/INFO]: [OptiFine] (Reflector) Method not present: net.minecraft.item.ItemRecord.getRecordResource
[14:27:21] [Client thread/INFO]: [OptiFine] (Reflector) Method not present: net.minecraft.client.settings.KeyBinding.setKeyConflictContext
[14:27:21] [Client thread/INFO]: [OptiFine] (Reflector) Method not present: net.minecraft.client.settings.KeyBinding.setKeyModifierAndCode
[14:27:21] [Client thread/INFO]: [OptiFine] (Reflector) Method not present: net.minecraft.client.settings.KeyBinding.getKeyModifier
[14:27:21] [Client thread/INFO]: [OptiFine] (Reflector) Class not present: net.minecraftforge.common.ForgeModContainer
[14:27:21] [Client thread/INFO]: [OptiFine] (Reflector) Method not present: net.minecraft.potion.Potion.shouldRenderHUD
[14:27:21] [Client thread/INFO]: [OptiFine] (Reflector) Method not present: net.minecraft.potion.Potion.renderHUDEffect
[14:27:21] [Client thread/INFO]: [OptiFine] (Reflector) Method not present: net.minecraft.potion.PotionEffect.isCurativeItem
[14:27:21] [Client thread/INFO]: [OptiFine] (Reflector) Method not present: net.minecraft.tileentity.TileEntity.canRenderBreaking
[14:27:21] [Client thread/INFO]: [OptiFine] (Reflector) Method not present: net.minecraft.tileentity.TileEntity.getRenderBoundingBox
[14:27:21] [Client thread/INFO]: [OptiFine] (Reflector) Method not present: net.minecraft.tileentity.TileEntity.hasFastRenderer
[14:27:21] [Client thread/INFO]: [OptiFine] (Reflector) Method not present: net.minecraft.tileentity.TileEntity.shouldRenderInPass
[14:27:21] [Client thread/INFO]: [OptiFine] (Reflector) Method not present: net.minecraft.client.renderer.vertex.VertexFormatElement$EnumUsage.preDraw
[14:27:21] [Client thread/INFO]: [OptiFine] (Reflector) Method not present: net.minecraft.client.renderer.vertex.VertexFormatElement$EnumUsage.postDraw
[14:27:21] [Client thread/INFO]: [OptiFine] (Reflector) Method not present: net.minecraft.world.World.countEntities
[14:27:21] [Client thread/INFO]: [OptiFine] (Reflector) Method not present: net.minecraft.world.World.getPerWorldStorage
[14:27:21] [Client thread/INFO]: [OptiFine] (Reflector) Method not present: net.minecraft.world.World.initCapabilities
[14:27:21] [Client thread/INFO]: [OptiFine] (Reflector) Method not present: net.minecraft.world.WorldProvider.getCloudRenderer
[14:27:21] [Client thread/INFO]: [OptiFine] (Reflector) Method not present: net.minecraft.world.WorldProvider.getSkyRenderer
[14:27:21] [Client thread/INFO]: [OptiFine] (Reflector) Method not present: net.minecraft.world.WorldProvider.getWeatherRenderer
[14:27:21] [Client thread/INFO]: [OptiFine] (Reflector) Class not present: net.minecraftforge.fml.client.GuiModList
[14:27:21] [Client thread/INFO]: [OptiFine] (Reflector) Class not present: net.minecraftforge.common.property.IExtendedBlockState
[14:27:21] [Client thread/INFO]: [OptiFine] (Reflector) Class not present: net.minecraftforge.client.model.IModel
[14:27:21] [Client thread/INFO]: [OptiFine] (Reflector) Class not present: net.minecraftforge.client.IRenderHandler
[14:27:21] [Client thread/INFO]: [OptiFine] (Reflector) Class not present: net.minecraftforge.client.ItemModelMesherForge
[14:27:21] [Client thread/INFO]: [OptiFine] (Reflector) Class not present: net.minecraftforge.client.settings.KeyConflictContext
[14:27:21] [Client thread/INFO]: [OptiFine] (Reflector) Class not present: net.minecraftforge.client.settings.KeyModifier
[14:27:21] [Client thread/INFO]: [OptiFine] (Reflector) Class not present: net.minecraft.launchwrapper.Launch
[14:27:21] [Client thread/INFO]: [OptiFine] (Reflector) Class not present: net.minecraftforge.client.model.pipeline.LightUtil
[14:27:21] [Client thread/INFO]: [OptiFine] (Reflector) Class not present: net.minecraftforge.common.MinecraftForge
[14:27:21] [Client thread/INFO]: [OptiFine] (Reflector) Class not present: net.minecraftforge.client.MinecraftForgeClient
[14:27:21] [Client thread/INFO]: [OptiFine] (Reflector) Class not present: net.minecraftforge.client.model.ModelLoader
[14:27:21] [Client thread/INFO]: [OptiFine] (Reflector) Class not present: net.minecraftforge.client.gui.NotificationModUpdateScreen
[14:27:21] [Client thread/INFO]: [OptiFine] (Reflector) Class not present: net.minecraftforge.client.event.RenderBlockOverlayEvent$OverlayType
[14:27:21] [Client thread/INFO]: [OptiFine] (Reflector) Class not present: net.minecraftforge.fml.client.registry.RenderingRegistry
[14:27:21] [Client thread/INFO]: [OptiFine] (Reflector) Class not present: net.minecraftforge.client.event.RenderItemInFrameEvent
[14:27:21] [Client thread/INFO]: [OptiFine] (Reflector) Class not present: net.minecraftforge.client.event.RenderLivingEvent$Pre
[14:27:21] [Client thread/INFO]: [OptiFine] (Reflector) Class not present: net.minecraftforge.client.event.RenderLivingEvent$Post
[14:27:21] [Client thread/INFO]: [OptiFine] (Reflector) Class not present: net.minecraftforge.client.event.RenderLivingEvent$Specials$Pre
[14:27:21] [Client thread/INFO]: [OptiFine] (Reflector) Class not present: net.minecraftforge.client.event.RenderLivingEvent$Specials$Post
[14:27:21] [Client thread/INFO]: [OptiFine] (Reflector) Class not present: net.minecraftforge.client.event.ScreenshotEvent
[14:27:21] [Client thread/INFO]: [OptiFine] (Reflector) Class not present: net.minecraftforge.fml.client.SplashProgress
[14:27:21] [Client thread/INFO]: [OptiFine] (Reflector) Class not present: net.minecraftforge.event.world.WorldEvent$Load
[14:27:21] [Client thread/INFO]: [OptiFine] *** Reflector Vanilla ***
[14:27:21] [Client thread/INFO]: [OptiFine] (Reflector) Class not present: optifine.OptiFineClassTransformer
[14:27:21] [Client thread/WARN]: Skipping bad option: lastServer:
[14:27:21] [Client thread/INFO]: LWJGL Version: 2.9.4
[14:27:22] [Client thread/INFO]: [OptiFine] 
[14:27:22] [Client thread/INFO]: [OptiFine] OptiFine_1.12_HD_U_A0_pre
[14:27:22] [Client thread/INFO]: [OptiFine] Build: null
[14:27:22] [Client thread/INFO]: [OptiFine] OS: Windows 10 (amd64) version 10.0
[14:27:22] [Client thread/INFO]: [OptiFine] Java: 1.8.0_211, Oracle Corporation
[14:27:22] [Client thread/INFO]: [OptiFine] VM: Java HotSpot(TM) 64-Bit Server VM (mixed mode), Oracle Corporation
[14:27:22] [Client thread/INFO]: [OptiFine] LWJGL: 2.9.4
[14:27:22] [Client thread/INFO]: [OptiFine] OpenGL: Intel(R) UHD Graphics 620, version 4.5.0 - Build 24.20.100.6286, Intel
[14:27:22] [Client thread/INFO]: [OptiFine] OpenGL Version: 4.5.0
[14:27:22] [Client thread/INFO]: [OptiFine] OpenGL Fancy fog: Not available (GL_NV_fog_distance)
[14:27:22] [Client thread/INFO]: [OptiFine] Maximum texture size: 16384x16384
[14:27:22] [Thread-3/INFO]: [OptiFine] Checking for new version
[14:27:22] [Client thread/INFO]: [Shaders] ShadersMod version: 2.4.12
[14:27:22] [Client thread/INFO]: [Shaders] OpenGL Version: 4.5.0 - Build 24.20.100.6286
[14:27:22] [Client thread/INFO]: [Shaders] Vendor:  Intel
[14:27:22] [Client thread/INFO]: [Shaders] Renderer: Intel(R) UHD Graphics 620
[14:27:22] [Client thread/INFO]: [Shaders] Capabilities:  2.0  2.1  3.0  3.2  4.0 
[14:27:22] [Client thread/INFO]: [Shaders] GL_MAX_DRAW_BUFFERS: 8
[14:27:22] [Client thread/INFO]: [Shaders] GL_MAX_COLOR_ATTACHMENTS_EXT: 8
[14:27:22] [Client thread/INFO]: [Shaders] GL_MAX_TEXTURE_IMAGE_UNITS: 32
[14:27:22] [Client thread/INFO]: [Shaders] Load ShadersMod configuration.
[14:27:22] [Client thread/INFO]: [Shaders] Save ShadersMod configuration.
[14:27:22] [Client thread/INFO]: [Shaders] No shaderpack loaded.
[14:27:22] [Thread-3/INFO]: [OptiFine] Version found: C7
[14:27:22] [Client thread/INFO]: Reloading ResourceManager: Default
[14:27:22] [Client thread/INFO]: [OptiFine] *** Reloading textures ***
[14:27:22] [Client thread/INFO]: [OptiFine] Resource packs: Default
[14:27:23] [Sound Library Loader/INFO]: Starting up SoundSystem...
[14:27:23] [Thread-4/INFO]: Initializing LWJGL OpenAL
[14:27:23] [Thread-4/INFO]: (The LWJGL binding of OpenAL.  For more information, see http://www.lwjgl.org)
[14:27:25] [Thread-4/INFO]: OpenAL initialized.
[14:27:25] [Sound Library Loader/INFO]: Sound engine started
[14:27:27] [Client thread/INFO]: [OptiFine] Mipmap levels: 4
[14:27:27] [Client thread/INFO]: [OptiFine] Multitexture: false
[14:27:27] [Client thread/INFO]: [OptiFine] ConnectedTextures: mcpatcher/ctm/default/0_glass_white/glass_pane_white.properties
[14:27:27] [Client thread/INFO]: [OptiFine] ConnectedTextures: mcpatcher/ctm/default/0_glass_white/glass_white.properties
[14:27:27] [Client thread/INFO]: [OptiFine] ConnectedTextures: mcpatcher/ctm/default/10_glass_purple/glass_pane_purple.properties
[14:27:27] [Client thread/INFO]: [OptiFine] ConnectedTextures: mcpatcher/ctm/default/10_glass_purple/glass_purple.properties
[14:27:27] [Client thread/INFO]: [OptiFine] ConnectedTextures: mcpatcher/ctm/default/11_glass_blue/glass_blue.properties
[14:27:27] [Client thread/INFO]: [OptiFine] ConnectedTextures: mcpatcher/ctm/default/11_glass_blue/glass_pane_blue.properties
[14:27:27] [Client thread/INFO]: [OptiFine] ConnectedTextures: mcpatcher/ctm/default/12_glass_brown/glass_brown.properties
[14:27:27] [Client thread/INFO]: [OptiFine] ConnectedTextures: mcpatcher/ctm/default/12_glass_brown/glass_pane_brown.properties
[14:27:27] [Client thread/INFO]: [OptiFine] ConnectedTextures: mcpatcher/ctm/default/13_glass_green/glass_green.properties
[14:27:27] [Client thread/INFO]: [OptiFine] ConnectedTextures: mcpatcher/ctm/default/13_glass_green/glass_pane_green.properties
[14:27:27] [Client thread/INFO]: [OptiFine] ConnectedTextures: mcpatcher/ctm/default/14_glass_red/glass_pane_red.properties
[14:27:27] [Client thread/INFO]: [OptiFine] ConnectedTextures: mcpatcher/ctm/default/14_glass_red/glass_red.properties
[14:27:27] [Client thread/INFO]: [OptiFine] ConnectedTextures: mcpatcher/ctm/default/15_glass_black/glass_black.properties
[14:27:27] [Client thread/INFO]: [OptiFine] ConnectedTextures: mcpatcher/ctm/default/15_glass_black/glass_pane_black.properties
[14:27:27] [Client thread/INFO]: [OptiFine] ConnectedTextures: mcpatcher/ctm/default/1_glass_orange/glass_orange.properties
[14:27:27] [Client thread/INFO]: [OptiFine] ConnectedTextures: mcpatcher/ctm/default/1_glass_orange/glass_pane_orange.properties
[14:27:27] [Client thread/INFO]: [OptiFine] ConnectedTextures: mcpatcher/ctm/default/2_glass_magenta/glass_magenta.properties
[14:27:27] [Client thread/INFO]: [OptiFine] ConnectedTextures: mcpatcher/ctm/default/2_glass_magenta/glass_pane_magenta.properties
[14:27:27] [Client thread/INFO]: [OptiFine] ConnectedTextures: mcpatcher/ctm/default/3_glass_light_blue/glass_light_blue.properties
[14:27:27] [Client thread/INFO]: [OptiFine] ConnectedTextures: mcpatcher/ctm/default/3_glass_light_blue/glass_pane_light_blue.properties
[14:27:27] [Client thread/INFO]: [OptiFine] ConnectedTextures: mcpatcher/ctm/default/4_glass_yellow/glass_pane_yellow.properties
[14:27:27] [Client thread/INFO]: [OptiFine] ConnectedTextures: mcpatcher/ctm/default/4_glass_yellow/glass_yellow.properties
[14:27:27] [Client thread/INFO]: [OptiFine] ConnectedTextures: mcpatcher/ctm/default/5_glass_lime/glass_lime.properties
[14:27:27] [Client thread/INFO]: [OptiFine] ConnectedTextures: mcpatcher/ctm/default/5_glass_lime/glass_pane_lime.properties
[14:27:27] [Client thread/INFO]: [OptiFine] ConnectedTextures: mcpatcher/ctm/default/6_glass_pink/glass_pane_pink.properties
[14:27:27] [Client thread/INFO]: [OptiFine] ConnectedTextures: mcpatcher/ctm/default/6_glass_pink/glass_pink.properties
[14:27:27] [Client thread/INFO]: [OptiFine] ConnectedTextures: mcpatcher/ctm/default/7_glass_gray/glass_gray.properties
[14:27:27] [Client thread/INFO]: [OptiFine] ConnectedTextures: mcpatcher/ctm/default/7_glass_gray/glass_pane_gray.properties
[14:27:27] [Client thread/INFO]: [OptiFine] ConnectedTextures: mcpatcher/ctm/default/8_glass_silver/glass_pane_silver.properties
[14:27:27] [Client thread/INFO]: [OptiFine] ConnectedTextures: mcpatcher/ctm/default/8_glass_silver/glass_silver.properties
[14:27:27] [Client thread/INFO]: [OptiFine] ConnectedTextures: mcpatcher/ctm/default/9_glass_cyan/glass_cyan.properties
[14:27:27] [Client thread/INFO]: [OptiFine] ConnectedTextures: mcpatcher/ctm/default/9_glass_cyan/glass_pane_cyan.properties
[14:27:27] [Client thread/INFO]: [OptiFine] ConnectedTextures: mcpatcher/ctm/default/bookshelf.properties
[14:27:27] [Client thread/INFO]: [OptiFine] ConnectedTextures: mcpatcher/ctm/default/glass.properties
[14:27:27] [Client thread/INFO]: [OptiFine] ConnectedTextures: mcpatcher/ctm/default/glasspane.properties
[14:27:27] [Client thread/INFO]: [OptiFine] ConnectedTextures: mcpatcher/ctm/default/sandstone.properties
[14:27:27] [Client thread/INFO]: [OptiFine] Multipass connected textures: false
[14:27:27] [Client thread/INFO]: [OptiFine] BetterGrass: Parsing default configuration optifine/bettergrass.properties
[14:27:29] [Client thread/INFO]: Created: 1024x512 textures-atlas
[14:27:32] [Client thread/INFO]: Narrator library for x64 successfully loaded
[14:27:32] [Client thread/INFO]: [OptiFine] *** Reloading custom textures ***
[14:27:34] [Realms Notification Availability checker #1/INFO]: Could not authorize you against Realms server: Invalid session id
[14:27:35] [Server thread/INFO]: Starting integrated minecraft server version 1.12
[14:27:35] [Server thread/INFO]: Generating keypair
[14:27:36] [Server thread/INFO]: Loaded 488 advancements
[14:27:36] [Server thread/INFO]: Preparing start region for level 0
[14:27:37] [Server thread/WARN]: Keeping entity minecraft:rabbit that already exists with UUID 09b4643e-3bc7-4bd7-b522-8c24cbe5f8f3
[14:27:37] [Server thread/INFO]: Preparing spawn area: 22%
[14:27:38] [Server thread/WARN]: Keeping entity minecraft:rabbit that already exists with UUID c8ab4b1a-d185-4834-90e3-0fdf58cff237
[14:27:38] [Server thread/WARN]: Keeping entity minecraft:rabbit that already exists with UUID c8ab4b1a-d185-4834-90e3-0fdf58cff237
[14:27:38] [Server thread/WARN]: Keeping entity minecraft:rabbit that already exists with UUID c8ab4b1a-d185-4834-90e3-0fdf58cff237
[14:27:38] [Server thread/INFO]: Changing view distance to 8, from 10
[14:27:40] [Server thread/INFO]: Player309[local:E:ab3d9263] logged in with entity id 117 at (256.30000001192093, 54.103519203788466, 507.3997417116054)
[14:27:40] [Server thread/INFO]: Player309 joined the game
[14:27:40] [Client thread/INFO]: [CHAT] A new §eOptiFine§f version is available: §eHD Ultra C7§f
[14:27:40] [Server thread/WARN]: Keeping entity minecraft:rabbit that already exists with UUID 77232273-5929-4ce2-9d4e-17391e4323a8
[14:27:41] [Server thread/WARN]: Keeping entity minecraft:rabbit that already exists with UUID bde926d8-7e44-4b36-a177-2974ef5fbb20
[14:27:41] [Server thread/WARN]: Keeping entity minecraft:rabbit that already exists with UUID 0ac2bb03-37d8-4665-b232-c6da9ea2f1a9
[14:27:41] [Server thread/WARN]: Keeping entity minecraft:rabbit that already exists with UUID 3cd8e19b-9707-43ea-bd18-5760accaf54d
[14:27:41] [Server thread/WARN]: Keeping entity minecraft:rabbit that already exists with UUID 3cd8e19b-9707-43ea-bd18-5760accaf54d
[14:27:41] [Server thread/WARN]: Keeping entity minecraft:rabbit that already exists with UUID 1d2cd5cd-23c6-4614-9aac-1ccf4ce59e9f
[14:27:41] [Client thread/INFO]: Loaded 69 advancements
[14:27:57] [Server thread/INFO]: Saving and pausing game...
[14:27:57] [Server thread/INFO]: Saving chunks for level 'mcpworld'/overworld
[14:27:57] [Server thread/INFO]: Saving chunks for level 'mcpworld'/the_nether
[14:27:57] [Server thread/INFO]: Saving chunks for level 'mcpworld'/the_end
[14:28:11] [Client thread/INFO]: Stopping!
[14:28:11] [Client thread/INFO]: SoundSystem shutting down...
[14:28:11] [Server thread/INFO]: Stopping server
[14:28:11] [Server thread/INFO]: Saving players
[14:28:11] [Server thread/INFO]: Player309 lost connection: Disconnected
[14:28:11] [Server thread/INFO]: Player309 left the game
[14:28:11] [Server thread/INFO]: Stopping singleplayer server as player logged out
[14:28:11] [Server thread/INFO]: Saving worlds
[14:28:11] [Server thread/INFO]: Saving chunks for level 'mcpworld'/overworld
[14:28:11] [Server thread/INFO]: Saving chunks for level 'mcpworld'/the_nether
[14:28:11] [Server thread/INFO]: Saving chunks for level 'mcpworld'/the_end
[14:28:12] [Client thread/WARN]: Author: Paul Lamb, www.paulscode.com
