#
# A fatal error has been detected by the Java Runtime Environment:
#
#  EXCEPTION_ACCESS_VIOLATION (0xc0000005) at pc=0x00007ff904a6a556, pid=5700, tid=0x0000000000003374
#
# JRE version: Java(TM) SE Runtime Environment (8.0_144-b01) (build 1.8.0_144-b01)
# Java VM: Java HotSpot(TM) 64-Bit Server VM (25.144-b01 mixed mode windows-amd64 compressed oops)
# Problematic frame:
# C  [msvcrt.dll+0x2a556]
#
# Failed to write core dump. Minidumps are not enabled by default on client versions of Windows
#
# If you would like to submit a bug report, please visit:
#   http://bugreport.java.com/bugreport/crash.jsp
#

---------------  T H R E A D  ---------------

Current thread (0x0000000015df1000):  VMThread [stack: 0x0000000016610000,0x0000000016710000] [id=13172]

siginfo: ExceptionCode=0xc0000005, writing address 0x0000000000000000

Registers:
RAX=0x0000000000000000, RBX=0x000000001670f1f0, RCX=0x476a3aefcaf90000, RDX=0x0000000000000000
RSP=0x000000001670f180, RBP=0x000000001d061af0, RSI=0xffffffffffffffff, RDI=0x000000001d070580
R8 =0x0000000000000000, R9 =0x000000001670e790, R10=0x0000000000000000, R11=0x000000001670ebc0
R12=0x000000001d061af0, R13=0x0000000001241638, R14=0x000000001670f1e8, R15=0x00007ff8ee1dd4a0
RIP=0x00007ff904a6a556, EFLAGS=0x0000000000010286

Top of Stack: (sp=0x000000001670f180)
0x000000001670f180:   000000001670f1f0 00007ff904f39777
0x000000001670f190:   0000000000000000 0000000000000000
0x000000001670f1a0:   000000001d061c40 00007ff8ee1b515f
0x000000001670f1b0:   00007ff8ee1dd4a0 000000001d061b30
0x000000001670f1c0:   000000001d070580 0000000000000000
0x000000001670f1d0:   0000000000000002 00007ff8ee1b5199
0x000000001670f1e0:   000000001d061b30 0000000000000000
0x000000001670f1f0:   0000000000000000 000000001670f218
0x000000001670f200:   0000000000000002 00007ff8ee0b56e9
0x000000001670f210:   0000000000000001 0000000000000004
0x000000001670f220:   0000000000000004 0000000000003690
0x000000001670f230:   000000001670f380 00007ff904f26ff8
0x000000001670f240:   fffffffffffffffe 0000000000000018
0x000000001670f250:   5420646165726854 74736564206b7361
0x000000001670f260:   7420726f74637572 74756f2064656d69
0x000000001670f270:   0000000000000000 000000001d0b4ac0 

Instructions: (pc=0x00007ff904a6a556)
0x00007ff904a6a536:   ff 48 8b c8 48 85 c0 74 21 48 8b 03 49 2b 06 48
0x00007ff904a6a546:   c1 f8 03 48 8d 04 c1 48 89 03 49 89 0e 48 8b 03
0x00007ff904a6a556:   4c 89 38 48 83 03 08 49 8b ff e8 f7 fb 00 00 48
0x00007ff904a6a566:   8b c7 48 8b 5c 24 30 48 8b 74 24 38 48 8b 7c 24 


Register to memory mapping:

RAX=
[error occurred during error reporting (printing register info), id 0xc0000005]

Stack: [0x0000000016610000,0x0000000016710000],  sp=0x000000001670f180,  free space=1020k
Native frames: (J=compiled Java code, j=interpreted, Vv=VM code, C=native code)
C  [msvcrt.dll+0x2a556]
C  [sapi_onecore.dll+0x11515f]
C  [sapi_onecore.dll+0x115199]
C  [sapi_onecore.dll+0x156e9]
C  [sapi_onecore.dll+0x1527c9]
C  [sapi_onecore.dll+0x33c08]
C  [sapi_onecore.dll+0x33bc4]
C  [sapi_onecore.dll+0x33ccb]
C  [MSTTSEngine_OneCore.dll+0x9328d]
C  [MSTTSEngine_OneCore.dll+0x93687]
C  [MSTTSEngine_OneCore.dll+0x93a08]
C  [ntdll.dll+0x3b583]
C  [ntdll.dll+0x47f85]
C  [ntdll.dll+0x47e48]
C  [KERNEL32.DLL+0x1ca7a]
C  [msvcr100.dll+0x20ccd]
V  [jvm.dll+0x213145]
V  [jvm.dll+0x24c127]
V  [jvm.dll+0x24b3c6]
V  [jvm.dll+0x24b861]
V  [jvm.dll+0x24ba7e]
V  [jvm.dll+0x29ca6a]
C  [msvcr100.dll+0x21d9f]
C  [msvcr100.dll+0x21e3b]
C  [KERNEL32.DLL+0x14034]
C  [ntdll.dll+0x73691]

VM_Operation (0x0000000002b7f270): Exit, mode: safepoint, requested by thread 0x0000000002b83800


---------------  P R O C E S S  ---------------

Java Threads: ( => current thread )
  0x000000002bcf6000 JavaThread "pool-1-thread-1" [_thread_blocked, id=1624, stack(0x00000000469e0000,0x0000000046ae0000)]
  0x000000002bcf1000 JavaThread "File IO Thread" [_thread_in_native, id=12752, stack(0x0000000033e90000,0x0000000033f90000)]
  0x000000002bcf0000 JavaThread "pool-2-thread-1" [_thread_blocked, id=13488, stack(0x0000000031fe0000,0x00000000320e0000)]
  0x000000002bcea800 JavaThread "Chunk Batcher 3" daemon [_thread_blocked, id=11872, stack(0x000000002e090000,0x000000002e190000)]
  0x000000002bcef000 JavaThread "Chunk Batcher 2" daemon [_thread_blocked, id=13020, stack(0x000000002df90000,0x000000002e090000)]
  0x000000002bcec000 JavaThread "Chunk Batcher 1" daemon [_thread_blocked, id=13620, stack(0x000000002de90000,0x000000002df90000)]
  0x000000002bceb800 JavaThread "Chunk Batcher 0" daemon [_thread_blocked, id=2168, stack(0x000000002dd90000,0x000000002de90000)]
  0x000000002bcf1800 JavaThread "Netty Server IO #1" daemon [_thread_blocked, id=1792, stack(0x000000002da90000,0x000000002db90000)]
  0x0000000016857800 JavaThread "Netty Local Client IO #0" daemon [_thread_blocked, id=15136, stack(0x000000002d990000,0x000000002da90000)]
  0x0000000016856000 JavaThread "Netty Server IO #0" daemon [_thread_blocked, id=16240, stack(0x000000002d790000,0x000000002d890000)]
  0x0000000016854000 JavaThread "Server thread" [_thread_blocked, id=11628, stack(0x000000002c0e0000,0x000000002c1e0000)]
  0x000000001685b000 JavaThread "Snooper Timer" daemon [_thread_blocked, id=16068, stack(0x000000002ae10000,0x000000002af10000)]
  0x0000000016858800 JavaThread "LWJGL Timer" daemon [_thread_blocked, id=3284, stack(0x0000000029d70000,0x0000000029e70000)]
  0x0000000018be8800 JavaThread "Narrator" daemon [_thread_in_native, id=1692, stack(0x0000000029b70000,0x0000000029c70000)]
  0x000000001ab0c800 JavaThread "Java2D Disposer" daemon [_thread_blocked, id=7300, stack(0x000000001b540000,0x000000001b640000)]
  0x000000001a8df000 JavaThread "Timer hack thread" daemon [_thread_blocked, id=15912, stack(0x000000001b440000,0x000000001b540000)]
  0x0000000017cbc000 JavaThread "Snooper Timer" daemon [_thread_blocked, id=7448, stack(0x0000000019970000,0x0000000019a70000)]
  0x00000000168e0800 JavaThread "Service Thread" daemon [_thread_blocked, id=15736, stack(0x0000000017400000,0x0000000017500000)]
  0x0000000016855800 JavaThread "C1 CompilerThread2" daemon [_thread_blocked, id=4880, stack(0x0000000017300000,0x0000000017400000)]
  0x0000000016846000 JavaThread "C2 CompilerThread1" daemon [_thread_blocked, id=944, stack(0x0000000017200000,0x0000000017300000)]
  0x0000000016842800 JavaThread "C2 CompilerThread0" daemon [_thread_blocked, id=2592, stack(0x0000000017100000,0x0000000017200000)]
  0x0000000016841800 JavaThread "Attach Listener" daemon [_thread_blocked, id=10860, stack(0x0000000017000000,0x0000000017100000)]
  0x0000000015e0d800 JavaThread "Surrogate Locker Thread (Concurrent GC)" daemon [_thread_blocked, id=14976, stack(0x0000000016e00000,0x0000000016f00000)]
  0x0000000015e02800 JavaThread "Finalizer" daemon [_thread_blocked, id=9848, stack(0x0000000016c10000,0x0000000016d10000)]
  0x0000000015dfb800 JavaThread "Reference Handler" daemon [_thread_blocked, id=8976, stack(0x0000000016710000,0x0000000016810000)]
  0x0000000002b83800 JavaThread "Client thread" [_thread_blocked, id=15312, stack(0x0000000002a80000,0x0000000002b80000)]

Other Threads:
=>0x0000000015df1000 VMThread [stack: 0x0000000016610000,0x0000000016710000] [id=13172]

VM state:at safepoint (shutting down)

VM Mutex/Monitor currently owned by a thread:  ([mutex/lock_event])
[0x0000000002b808d0] Threads_lock - owner thread: 0x0000000015df1000

Heap:
 par new generation   total 306688K, used 245310K [0x00000000c0000000, 0x00000000d4cc0000, 0x00000000d4cc0000)
  eden space 272640K,  83% used [0x00000000c0000000, 0x00000000cde954d0, 0x00000000d0a40000)
  from space 34048K,  51% used [0x00000000d0a40000, 0x00000000d1b3a3f8, 0x00000000d2b80000)
  to   space 34048K,   0% used [0x00000000d2b80000, 0x00000000d2b80000, 0x00000000d4cc0000)
 concurrent mark-sweep generation total 707840K, used 89678K [0x00000000d4cc0000, 0x0000000100000000, 0x0000000100000000)
 Metaspace       used 47364K, capacity 47850K, committed 48212K, reserved 1091584K
  class space    used 5600K, capacity 5700K, committed 5724K, reserved 1048576K

Card table byte_map: [0x0000000012440000,0x0000000012650000] byte_map_base: 0x0000000011e40000

Marking Bits: (CMSBitMap*) 0x0000000002bdb698
 Bits: [0x0000000012c00000, 0x00000000136cd000)

Mod Union Table: (CMSBitMap*) 0x0000000002bdb758
 Bits: [0x0000000001180000, 0x00000000011ab340)

Polling page: 0x00000000009f0000

CodeCache: size=245760Kb used=29245Kb max_used=29245Kb free=216515Kb
 bounds [0x0000000002c80000, 0x0000000004940000, 0x0000000011c80000]
 total_blobs=8625 nmethods=7731 adapters=804
 compilation: enabled

Compilation events (10 events):
Event: 42.402 Thread 0x0000000016855800 9645       3       org.apache.logging.log4j.core.layout.TextEncoderHelper::encodeText (84 bytes)
Event: 42.403 Thread 0x0000000016855800 nmethod 9645 0x0000000003dc35d0 code [0x0000000003dc3780, 0x0000000003dc3f68]
Event: 42.403 Thread 0x0000000016855800 9644       3       org.apache.logging.log4j.core.layout.StringBuilderEncoder::encode (91 bytes)
Event: 42.407 Thread 0x0000000016855800 nmethod 9644 0x0000000003dab810 code [0x0000000003dabc20, 0x0000000003dae228]
Event: 42.407 Thread 0x0000000016855800 9646   !   3       org.apache.logging.log4j.core.layout.TextEncoderHelper::copyDataToDestination (64 bytes)
Event: 42.408 Thread 0x0000000016855800 nmethod 9646 0x0000000003dc1c90 code [0x0000000003dc1e80, 0x0000000003dc2fa8]
Event: 42.794 Thread 0x0000000016855800 9647       3       java.util.logging.LogManager$LoggerContext::ensureDefaultLogger (70 bytes)
Event: 42.796 Thread 0x0000000016855800 nmethod 9647 0x0000000003daabd0 code [0x0000000003daad80, 0x0000000003dab608]
Event: 42.826 Thread 0x0000000016855800 9648       3       org.apache.logging.log4j.core.config.AbstractConfiguration::getLoggerConfig (56 bytes)
Event: 42.828 Thread 0x0000000016855800 nmethod 9648 0x0000000003da9ad0 code [0x0000000003da9cc0, 0x0000000003daa808]

GC Heap History (10 events):
Event: 20.465 GC heap before
{Heap before GC invocations=8 (full 5):
 par new generation   total 306688K, used 272640K [0x00000000c0000000, 0x00000000d4cc0000, 0x00000000d4cc0000)
  eden space 272640K, 100% used [0x00000000c0000000, 0x00000000d0a40000, 0x00000000d0a40000)
  from space 34048K,   0% used [0x00000000d2b80000, 0x00000000d2b80000, 0x00000000d4cc0000)
  to   space 34048K,   0% used [0x00000000d0a40000, 0x00000000d0a40000, 0x00000000d2b80000)
 concurrent mark-sweep generation total 707840K, used 93179K [0x00000000d4cc0000, 0x0000000100000000, 0x0000000100000000)
 Metaspace       used 45490K, capacity 45962K, committed 46420K, reserved 1089536K
  class space    used 5552K, capacity 5668K, committed 5724K, reserved 1048576K
Event: 20.478 GC heap after
Heap after GC invocations=9 (full 5):
 par new generation   total 306688K, used 18506K [0x00000000c0000000, 0x00000000d4cc0000, 0x00000000d4cc0000)
  eden space 272640K,   0% used [0x00000000c0000000, 0x00000000c0000000, 0x00000000d0a40000)
  from space 34048K,  54% used [0x00000000d0a40000, 0x00000000d1c52aa8, 0x00000000d2b80000)
  to   space 34048K,   0% used [0x00000000d2b80000, 0x00000000d2b80000, 0x00000000d4cc0000)
 concurrent mark-sweep generation total 707840K, used 93179K [0x00000000d4cc0000, 0x0000000100000000, 0x0000000100000000)
 Metaspace       used 45490K, capacity 45962K, committed 46420K, reserved 1089536K
  class space    used 5552K, capacity 5668K, committed 5724K, reserved 1048576K
}
Event: 23.876 GC heap before
{Heap before GC invocations=9 (full 6):
 par new generation   total 306688K, used 291146K [0x00000000c0000000, 0x00000000d4cc0000, 0x00000000d4cc0000)
  eden space 272640K, 100% used [0x00000000c0000000, 0x00000000d0a40000, 0x00000000d0a40000)
  from space 34048K,  54% used [0x00000000d0a40000, 0x00000000d1c52aa8, 0x00000000d2b80000)
  to   space 34048K,   0% used [0x00000000d2b80000, 0x00000000d2b80000, 0x00000000d4cc0000)
 concurrent mark-sweep generation total 707840K, used 93179K [0x00000000d4cc0000, 0x0000000100000000, 0x0000000100000000)
 Metaspace       used 46126K, capacity 46570K, committed 46932K, reserved 1091584K
  class space    used 5582K, capacity 5700K, committed 5724K, reserved 1048576K
Event: 23.885 GC heap after
Heap after GC invocations=10 (full 6):
 par new generation   total 306688K, used 14424K [0x00000000c0000000, 0x00000000d4cc0000, 0x00000000d4cc0000)
  eden space 272640K,   0% used [0x00000000c0000000, 0x00000000c0000000, 0x00000000d0a40000)
  from space 34048K,  42% used [0x00000000d2b80000, 0x00000000d39960c8, 0x00000000d4cc0000)
  to   space 34048K,   0% used [0x00000000d0a40000, 0x00000000d0a40000, 0x00000000d2b80000)
 concurrent mark-sweep generation total 707840K, used 93179K [0x00000000d4cc0000, 0x0000000100000000, 0x0000000100000000)
 Metaspace       used 46126K, capacity 46570K, committed 46932K, reserved 1091584K
  class space    used 5582K, capacity 5700K, committed 5724K, reserved 1048576K
}
Event: 27.597 GC heap before
{Heap before GC invocations=10 (full 6):
 par new generation   total 306688K, used 287064K [0x00000000c0000000, 0x00000000d4cc0000, 0x00000000d4cc0000)
  eden space 272640K, 100% used [0x00000000c0000000, 0x00000000d0a40000, 0x00000000d0a40000)
  from space 34048K,  42% used [0x00000000d2b80000, 0x00000000d39960c8, 0x00000000d4cc0000)
  to   space 34048K,   0% used [0x00000000d0a40000, 0x00000000d0a40000, 0x00000000d2b80000)
 concurrent mark-sweep generation total 707840K, used 93179K [0x00000000d4cc0000, 0x0000000100000000, 0x0000000100000000)
 Metaspace       used 46545K, capacity 47018K, committed 47444K, reserved 1091584K
  class space    used 5587K, capacity 5700K, committed 5724K, reserved 1048576K
Event: 27.608 GC heap after
Heap after GC invocations=11 (full 6):
 par new generation   total 306688K, used 16464K [0x00000000c0000000, 0x00000000d4cc0000, 0x00000000d4cc0000)
  eden space 272640K,   0% used [0x00000000c0000000, 0x00000000c0000000, 0x00000000d0a40000)
  from space 34048K,  48% used [0x00000000d0a40000, 0x00000000d1a54308, 0x00000000d2b80000)
  to   space 34048K,   0% used [0x00000000d2b80000, 0x00000000d2b80000, 0x00000000d4cc0000)
 concurrent mark-sweep generation total 707840K, used 93179K [0x00000000d4cc0000, 0x0000000100000000, 0x0000000100000000)
 Metaspace       used 46545K, capacity 47018K, committed 47444K, reserved 1091584K
  class space    used 5587K, capacity 5700K, committed 5724K, reserved 1048576K
}
Event: 31.956 GC heap before
{Heap before GC invocations=11 (full 6):
 par new generation   total 306688K, used 289104K [0x00000000c0000000, 0x00000000d4cc0000, 0x00000000d4cc0000)
  eden space 272640K, 100% used [0x00000000c0000000, 0x00000000d0a40000, 0x00000000d0a40000)
  from space 34048K,  48% used [0x00000000d0a40000, 0x00000000d1a54308, 0x00000000d2b80000)
  to   space 34048K,   0% used [0x00000000d2b80000, 0x00000000d2b80000, 0x00000000d4cc0000)
 concurrent mark-sweep generation total 707840K, used 93179K [0x00000000d4cc0000, 0x0000000100000000, 0x0000000100000000)
 Metaspace       used 47004K, capacity 47466K, committed 47956K, reserved 1091584K
  class space    used 5587K, capacity 5700K, committed 5724K, reserved 1048576K
Event: 31.969 GC heap after
Heap after GC invocations=12 (full 6):
 par new generation   total 306688K, used 18360K [0x00000000c0000000, 0x00000000d4cc0000, 0x00000000d4cc0000)
  eden space 272640K,   0% used [0x00000000c0000000, 0x00000000c0000000, 0x00000000d0a40000)
  from space 34048K,  53% used [0x00000000d2b80000, 0x00000000d3d6e0b0, 0x00000000d4cc0000)
  to   space 34048K,   0% used [0x00000000d0a40000, 0x00000000d0a40000, 0x00000000d2b80000)
 concurrent mark-sweep generation total 707840K, used 93179K [0x00000000d4cc0000, 0x0000000100000000, 0x0000000100000000)
 Metaspace       used 47004K, capacity 47466K, committed 47956K, reserved 1091584K
  class space    used 5587K, capacity 5700K, committed 5724K, reserved 1048576K
}
Event: 35.842 GC heap before
{Heap before GC invocations=12 (full 6):
 par new generation   total 306688K, used 291000K [0x00000000c0000000, 0x00000000d4cc0000, 0x00000000d4cc0000)
  eden space 272640K, 100% used [0x00000000c0000000, 0x00000000d0a40000, 0x00000000d0a40000)
  from space 34048K,  53% used [0x00000000d2b80000, 0x00000000d3d6e0b0, 0x00000000d4cc0000)
  to   space 34048K,   0% used [0x00000000d0a40000, 0x00000000d0a40000, 0x00000000d2b80000)
 concurrent mark-sweep generation total 707840K, used 89678K [0x00000000d4cc0000, 0x0000000100000000, 0x0000000100000000)
 Metaspace       used 47130K, capacity 47594K, committed 47956K, reserved 1091584K
  class space    used 5588K, capacity 5700K, committed 5724K, reserved 1048576K
Event: 35.858 GC heap after
Heap after GC invocations=13 (full 6):
 par new generation   total 306688K, used 17384K [0x00000000c0000000, 0x00000000d4cc0000, 0x00000000d4cc0000)
  eden space 272640K,   0% used [0x00000000c0000000, 0x00000000c0000000, 0x00000000d0a40000)
  from space 34048K,  51% used [0x00000000d0a40000, 0x00000000d1b3a3f8, 0x00000000d2b80000)
  to   space 34048K,   0% used [0x00000000d2b80000, 0x00000000d2b80000, 0x00000000d4cc0000)
 concurrent mark-sweep generation total 707840K, used 89678K [0x00000000d4cc0000, 0x0000000100000000, 0x0000000100000000)
 Metaspace       used 47130K, capacity 47594K, committed 47956K, reserved 1091584K
  class space    used 5588K, capacity 5700K, committed 5724K, reserved 1048576K
}

Deoptimization events (10 events):
Event: 38.302 Thread 0x0000000016854000 Uncommon trap: reason=unstable_if action=reinterpret pc=0x0000000004213bf0 method=net.minecraft.world.chunk.Chunk.getLightSubtracted(Lnet/minecraft/util/math/BlockPos;I)I @ 135
Event: 39.189 Thread 0x0000000016854000 Uncommon trap: reason=unstable_if action=reinterpret pc=0x0000000003d416e0 method=net.minecraft.world.chunk.Chunk.getEntitiesWithinAABBForEntity(Lnet/minecraft/entity/Entity;Lnet/minecraft/util/math/AxisAlignedBB;Ljava/util/List;Lcom/google/common/base/Pr
Event: 40.506 Thread 0x0000000016854000 Uncommon trap: reason=unstable_if action=reinterpret pc=0x0000000002ef4080 method=com.google.gson.stream.JsonWriter.string(Ljava/lang/String;)V @ 4
Event: 40.817 Thread 0x0000000016854000 Uncommon trap: reason=unstable_if action=reinterpret pc=0x0000000003c6b414 method=com.google.gson.stream.JsonWriter.newline()V @ 4
Event: 40.824 Thread 0x0000000016854000 Uncommon trap: reason=unstable_if action=reinterpret pc=0x00000000037c35a8 method=com.google.common.collect.RegularImmutableSet.contains(Ljava/lang/Object;)Z @ 10
Event: 42.012 Thread 0x0000000016854000 Uncommon trap: reason=bimorphic action=maybe_recompile pc=0x0000000003bd0c44 method=java.util.concurrent.ConcurrentHashMap.putVal(Ljava/lang/Object;Ljava/lang/Object;Z)Ljava/lang/Object; @ 192
Event: 42.819 Thread 0x000000002bcf6000 Uncommon trap: reason=speculate_class_check action=maybe_recompile pc=0x000000000348863c method=java.util.concurrent.locks.ReentrantReadWriteLock$Sync.tryAcquire(I)Z @ 66
Event: 42.820 Thread 0x000000002bcf6000 Uncommon trap: reason=speculate_class_check action=maybe_recompile pc=0x000000000348863c method=java.util.concurrent.locks.ReentrantReadWriteLock$Sync.tryAcquire(I)Z @ 66
Event: 42.820 Thread 0x000000002bcf6000 Uncommon trap: reason=speculate_class_check action=maybe_recompile pc=0x000000000348863c method=java.util.concurrent.locks.ReentrantReadWriteLock$Sync.tryAcquire(I)Z @ 66
Event: 42.820 Thread 0x000000002bcf6000 Uncommon trap: reason=speculate_class_check action=maybe_recompile pc=0x000000000348863c method=java.util.concurrent.locks.ReentrantReadWriteLock$Sync.tryAcquire(I)Z @ 66

Internal exceptions (10 events):
Event: 40.151 Thread 0x000000001b7cd800 Exception <a 'java/lang/InterruptedException': sleep interrupted> (0x00000000ccc93ea8) thrown at [C:\re\workspace\8-2-build-windows-amd64-cygwin\jdk8u144\9417\hotspot\src\share\vm\prims\jvm.cpp, line 3228]
Event: 40.180 Thread 0x000000001b7cd800 Exception <a 'java/lang/InterruptedException': sleep interrupted> (0x00000000ccc94128) thrown at [C:\re\workspace\8-2-build-windows-amd64-cygwin\jdk8u144\9417\hotspot\src\share\vm\prims\jvm.cpp, line 3228]
Event: 40.195 Thread 0x000000001b7cd800 Exception <a 'java/lang/InterruptedException': sleep interrupted> (0x00000000ccc943d0) thrown at [C:\re\workspace\8-2-build-windows-amd64-cygwin\jdk8u144\9417\hotspot\src\share\vm\prims\jvm.cpp, line 3228]
Event: 40.218 Thread 0x000000001b7cd800 Exception <a 'java/lang/InterruptedException': sleep interrupted> (0x00000000ccc94678) thrown at [C:\re\workspace\8-2-build-windows-amd64-cygwin\jdk8u144\9417\hotspot\src\share\vm\prims\jvm.cpp, line 3228]
Event: 40.218 Thread 0x000000001b7cd800 Exception <a 'java/lang/InterruptedException': sleep interrupted> (0x00000000ccc948f8) thrown at [C:\re\workspace\8-2-build-windows-amd64-cygwin\jdk8u144\9417\hotspot\src\share\vm\prims\jvm.cpp, line 3228]
Event: 40.302 Thread 0x000000001b7cd800 Exception <a 'java/lang/InterruptedException': sleep interrupted> (0x00000000ccc94b78) thrown at [C:\re\workspace\8-2-build-windows-amd64-cygwin\jdk8u144\9417\hotspot\src\share\vm\prims\jvm.cpp, line 3228]
Event: 40.302 Thread 0x000000001b7cd800 Exception <a 'java/lang/InterruptedException': sleep interrupted> (0x00000000ccc94df8) thrown at [C:\re\workspace\8-2-build-windows-amd64-cygwin\jdk8u144\9417\hotspot\src\share\vm\prims\jvm.cpp, line 3228]
Event: 40.824 Thread 0x0000000016854000 Implicit null exception at 0x00000000037c3397 to 0x00000000037c3591
Event: 42.065 Thread 0x000000001b7cd800 Exception <a 'java/lang/InterruptedException': sleep interrupted> (0x00000000ccc95078) thrown at [C:\re\workspace\8-2-build-windows-amd64-cygwin\jdk8u144\9417\hotspot\src\share\vm\prims\jvm.cpp, line 3228]
Event: 42.165 Thread 0x0000000017988000 Exception <a 'java/lang/InterruptedException': sleep interrupted> (0x00000000cda941e0) thrown at [C:\re\workspace\8-2-build-windows-amd64-cygwin\jdk8u144\9417\hotspot\src\share\vm\prims\jvm.cpp, line 3228]

Events (10 events):
Event: 42.820 Thread 0x000000002bcf6000 DEOPT PACKING pc=0x000000000348863c sp=0x0000000046ade9f0
Event: 42.820 Thread 0x000000002bcf6000 DEOPT UNPACKING pc=0x0000000002cc582a sp=0x0000000046ade980 mode 2
Event: 42.820 Thread 0x000000002bcf6000 Uncommon trap: trap_request=0xffffff76 fr.pc=0x000000000348863c
Event: 42.820 Thread 0x000000002bcf6000 DEOPT PACKING pc=0x000000000348863c sp=0x0000000046ade9f0
Event: 42.820 Thread 0x000000002bcf6000 DEOPT UNPACKING pc=0x0000000002cc582a sp=0x0000000046ade980 mode 2
Event: 42.820 Thread 0x000000002bcf6000 Uncommon trap: trap_request=0xffffff76 fr.pc=0x000000000348863c
Event: 42.820 Thread 0x000000002bcf6000 DEOPT PACKING pc=0x000000000348863c sp=0x0000000046ade9f0
Event: 42.820 Thread 0x000000002bcf6000 DEOPT UNPACKING pc=0x0000000002cc582a sp=0x0000000046ade980 mode 2
Event: 42.833 Thread 0x000000001683e000 Thread exited: 0x000000001683e000
Event: 42.833 Executing VM operation: Exit


Dynamic libraries:
0x00007ff60bdd0000 - 0x00007ff60be07000 	C:\Program Files\Java\jre1.8.0_144\bin\javaw.exe
0x00007ff904f10000 - 0x00007ff9050f1000 	C:\WINDOWS\SYSTEM32\ntdll.dll
0x00007ff904710000 - 0x00007ff9047c1000 	C:\WINDOWS\System32\KERNEL32.DLL
0x00007ff9015a0000 - 0x00007ff901813000 	C:\WINDOWS\System32\KERNELBASE.dll
0x00007ff9047d0000 - 0x00007ff904871000 	C:\WINDOWS\System32\ADVAPI32.dll
0x00007ff904a40000 - 0x00007ff904ade000 	C:\WINDOWS\System32\msvcrt.dll
0x00007ff902410000 - 0x00007ff90246b000 	C:\WINDOWS\System32\sechost.dll
0x00007ff9025a0000 - 0x00007ff9026c4000 	C:\WINDOWS\System32\RPCRT4.dll
0x00007ff904ae0000 - 0x00007ff904c70000 	C:\WINDOWS\System32\USER32.dll
0x00007ff901820000 - 0x00007ff901840000 	C:\WINDOWS\System32\win32u.dll
0x00007ff903b40000 - 0x00007ff903b68000 	C:\WINDOWS\System32\GDI32.dll
0x00007ff9021a0000 - 0x00007ff902331000 	C:\WINDOWS\System32\gdi32full.dll
0x00007ff902000000 - 0x00007ff90209f000 	C:\WINDOWS\System32\msvcp_win.dll
0x00007ff9020a0000 - 0x00007ff902198000 	C:\WINDOWS\System32\ucrtbase.dll
0x00007ff8f4200000 - 0x00007ff8f4469000 	C:\WINDOWS\WinSxS\amd64_microsoft.windows.common-controls_6595b64144ccf1df_6.0.17134.885_none_fb42a3473065565f\COMCTL32.dll
0x00007ff904150000 - 0x00007ff904472000 	C:\WINDOWS\System32\combase.dll
0x00007ff901330000 - 0x00007ff9013a9000 	C:\WINDOWS\System32\bcryptPrimitives.dll
0x00007ff903b10000 - 0x00007ff903b3d000 	C:\WINDOWS\System32\IMM32.DLL
0x0000000054870000 - 0x0000000054942000 	C:\Program Files\Java\jre1.8.0_144\bin\msvcr100.dll
0x00000000549f0000 - 0x000000005528d000 	C:\Program Files\Java\jre1.8.0_144\bin\server\jvm.dll
0x00007ff903b70000 - 0x00007ff903b78000 	C:\WINDOWS\System32\PSAPI.DLL
0x00007ff8de300000 - 0x00007ff8de309000 	C:\WINDOWS\SYSTEM32\WSOCK32.dll
0x00007ff9023a0000 - 0x00007ff90240c000 	C:\WINDOWS\System32\WS2_32.dll
0x00007ff8fed50000 - 0x00007ff8fed73000 	C:\WINDOWS\SYSTEM32\WINMM.dll
0x00007ff8f69a0000 - 0x00007ff8f69aa000 	C:\WINDOWS\SYSTEM32\VERSION.dll
0x00007ff8fed20000 - 0x00007ff8fed4a000 	C:\WINDOWS\SYSTEM32\winmmbase.dll
0x00007ff9012e0000 - 0x00007ff901329000 	C:\WINDOWS\System32\cfgmgr32.dll
0x0000000055dd0000 - 0x0000000055ddf000 	C:\Program Files\Java\jre1.8.0_144\bin\verify.dll
0x00000000549c0000 - 0x00000000549e9000 	C:\Program Files\Java\jre1.8.0_144\bin\java.dll
0x0000000055db0000 - 0x0000000055dc6000 	C:\Program Files\Java\jre1.8.0_144\bin\zip.dll
0x00007ff9026d0000 - 0x00007ff903b10000 	C:\WINDOWS\System32\SHELL32.dll
0x00007ff902480000 - 0x00007ff902529000 	C:\WINDOWS\System32\shcore.dll
0x00007ff9018f0000 - 0x00007ff901ffd000 	C:\WINDOWS\System32\windows.storage.dll
0x00007ff902530000 - 0x00007ff902581000 	C:\WINDOWS\System32\shlwapi.dll
0x00007ff901280000 - 0x00007ff901291000 	C:\WINDOWS\System32\kernel.appcore.dll
0x00007ff9012c0000 - 0x00007ff9012df000 	C:\WINDOWS\System32\profapi.dll
0x00007ff901230000 - 0x00007ff90127c000 	C:\WINDOWS\System32\powrprof.dll
0x00007ff901220000 - 0x00007ff90122a000 	C:\WINDOWS\System32\FLTLIB.DLL
0x0000000055de0000 - 0x0000000055ded000 	C:\Program Files\Java\jre1.8.0_144\bin\management.dll
0x00000000549a0000 - 0x00000000549ba000 	C:\Program Files\Java\jre1.8.0_144\bin\net.dll
0x00007ff900aa0000 - 0x00007ff900b06000 	C:\WINDOWS\system32\mswsock.dll
0x00007ff8e94d0000 - 0x00007ff8e94e6000 	C:\WINDOWS\system32\napinsp.dll
0x00007ff8e94b0000 - 0x00007ff8e94ca000 	C:\WINDOWS\system32\pnrpnsp.dll
0x00007ff8fd730000 - 0x00007ff8fd749000 	C:\WINDOWS\system32\NLAapi.dll
0x00007ff900870000 - 0x00007ff90092e000 	C:\WINDOWS\SYSTEM32\DNSAPI.dll
0x00007ff902470000 - 0x00007ff902478000 	C:\WINDOWS\System32\NSI.dll
0x00007ff900830000 - 0x00007ff900868000 	C:\WINDOWS\SYSTEM32\IPHLPAPI.DLL
0x00007ff8e9410000 - 0x00007ff8e941e000 	C:\WINDOWS\System32\winrnr.dll
0x00007ff8f6db0000 - 0x00007ff8f6dc5000 	C:\WINDOWS\System32\wshbth.dll
0x0000000055d80000 - 0x0000000055da6000 	C:\Program Files\Bonjour\mdnsNSP.dll
0x00007ff8f4930000 - 0x00007ff8f493a000 	C:\Windows\System32\rasadhlp.dll
0x00007ff8f47c0000 - 0x00007ff8f4832000 	C:\WINDOWS\System32\fwpuclnt.dll
0x00007ff900d80000 - 0x00007ff900da5000 	C:\WINDOWS\SYSTEM32\bcrypt.dll
0x0000000054980000 - 0x0000000054991000 	C:\Program Files\Java\jre1.8.0_144\bin\nio.dll
0x0000000180000000 - 0x0000000180053000 	C:\Users\Hamilton Lee\Desktop\Hack-Client\jars\versions\1.12\1.12-natives\lwjgl64.dll
0x00007ff8c21d0000 - 0x00007ff8c22f0000 	C:\WINDOWS\SYSTEM32\OPENGL32.dll
0x00007ff8d3890000 - 0x00007ff8d38bc000 	C:\WINDOWS\SYSTEM32\GLU32.dll
0x00007ff900c50000 - 0x00007ff900c67000 	C:\WINDOWS\SYSTEM32\CRYPTSP.dll
0x00007ff900630000 - 0x00007ff900663000 	C:\WINDOWS\system32\rsaenh.dll
0x00007ff901150000 - 0x00007ff901178000 	C:\WINDOWS\SYSTEM32\USERENV.dll
0x00007ff900c70000 - 0x00007ff900c7b000 	C:\WINDOWS\SYSTEM32\CRYPTBASE.dll
0x00007ff8f5fc0000 - 0x00007ff8f5fd6000 	C:\WINDOWS\SYSTEM32\dhcpcsvc6.DLL
0x00007ff8f6910000 - 0x00007ff8f692a000 	C:\WINDOWS\SYSTEM32\dhcpcsvc.DLL
0x00000000546d0000 - 0x0000000054868000 	C:\Program Files\Java\jre1.8.0_144\bin\awt.dll
0x00007ff904c70000 - 0x00007ff904d32000 	C:\WINDOWS\System32\OLEAUT32.dll
0x00007ff8ff010000 - 0x00007ff8ff09b000 	C:\WINDOWS\SYSTEM32\apphelp.dll
0x00007ff8ff200000 - 0x00007ff8ff298000 	C:\WINDOWS\system32\uxtheme.dll
0x00007ff903fd0000 - 0x00007ff904143000 	C:\WINDOWS\System32\MSCTF.dll
0x00007ff8ff440000 - 0x00007ff8ff469000 	C:\WINDOWS\system32\dwmapi.dll
0x00007ff8f6850000 - 0x00007ff8f68e6000 	C:\WINDOWS\System32\TextInputFramework.dll
0x00007ff8fc6d0000 - 0x00007ff8fc9ee000 	C:\WINDOWS\System32\CoreUIComponents.dll
0x00007ff8fec40000 - 0x00007ff8fed1a000 	C:\WINDOWS\System32\CoreMessaging.dll
0x00007ff9003d0000 - 0x00007ff900401000 	C:\WINDOWS\SYSTEM32\ntmarta.dll
0x00007ff8fd460000 - 0x00007ff8fd5ad000 	C:\WINDOWS\SYSTEM32\wintypes.dll
0x00007ff8fa210000 - 0x00007ff8fa27b000 	C:\WINDOWS\system32\Oleacc.dll
0x00007ff8afbb0000 - 0x00007ff8b0a9e000 	C:\WINDOWS\System32\DriverStore\FileRepository\64gh6293.inf_amd64_22fd8f9659edd17f\ig9icd64.dll
0x00007ff8ffff0000 - 0x00007ff9000ab000 	C:\WINDOWS\SYSTEM32\dxgi.dll
0x00007ff8fb3c0000 - 0x00007ff8fb468000 	C:\WINDOWS\SYSTEM32\mscms.dll
0x00007ff8feef0000 - 0x00007ff8fef00000 	C:\WINDOWS\SYSTEM32\ColorAdapterClient.dll
0x00007ff8f83b0000 - 0x00007ff8f83f3000 	C:\WINDOWS\SYSTEM32\icm32.dll
0x00007ff8bd4e0000 - 0x00007ff8bf3e1000 	C:\WINDOWS\System32\DriverStore\FileRepository\64gh6293.inf_amd64_22fd8f9659edd17f\igc64.dll
0x00007ff8f5ca0000 - 0x00007ff8f5ce2000 	C:\Users\Hamilton Lee\AppData\Local\Temp\jna--154242264\jna7796465034341965035.dll
0x0000000029310000 - 0x0000000029374000 	C:\Users\Hamilton Lee\Desktop\Hack-Client\jars\versions\1.12\1.12-natives\OpenAL64.dll
0x00007ff9048e0000 - 0x00007ff904a31000 	C:\WINDOWS\System32\ole32.dll
0x00007ff904dc0000 - 0x00007ff904e60000 	C:\WINDOWS\System32\clbcatq.dll
0x00007ff8f6470000 - 0x00007ff8f64e6000 	C:\WINDOWS\System32\MMDevApi.dll
0x00007ff901030000 - 0x00007ff901057000 	C:\WINDOWS\System32\DEVOBJ.dll
0x00007ff8ff8e0000 - 0x00007ff8ffa94000 	C:\WINDOWS\System32\PROPSYS.dll
0x00007ff8ed880000 - 0x00007ff8ed90f000 	C:\WINDOWS\SYSTEM32\dsound.dll
0x00007ff8f64f0000 - 0x00007ff8f661c000 	C:\WINDOWS\SYSTEM32\AUDIOSES.DLL
0x00007ff8fd3d0000 - 0x00007ff8fd3da000 	C:\WINDOWS\SYSTEM32\AVRT.dll
0x00007ff8fbb20000 - 0x00007ff8fbb3a000 	C:\Users\Hamilton Lee\Desktop\Hack-Client\jars\versions\1.12\1.12-natives\SAPIWrapper_x64.dll
0x0000000054950000 - 0x0000000054974000 	C:\Program Files\Java\jre1.8.0_144\bin\sunec.dll
0x0000000055df0000 - 0x0000000055dfb000 	C:\Program Files\Java\jre1.8.0_144\bin\sunmscapi.dll
0x00007ff9013b0000 - 0x00007ff901592000 	C:\WINDOWS\System32\CRYPT32.dll
0x00007ff9012a0000 - 0x00007ff9012b2000 	C:\WINDOWS\System32\MSASN1.dll
0x00007ff8d9830000 - 0x00007ff8d99a9000 	C:\WINDOWS\System32\Speech\Common\sapi.dll
0x00007ff902340000 - 0x00007ff902397000 	C:\WINDOWS\System32\WINTRUST.dll
0x00007ff8fab40000 - 0x00007ff8fab5c000 	C:\WINDOWS\SYSTEM32\MSACM32.dll
0x00007ff8ee7a0000 - 0x00007ff8ee7aa000 	C:\WINDOWS\SYSTEM32\msdmo.dll
0x00007ff8c8a40000 - 0x00007ff8c8c3b000 	C:\Windows\System32\speech_onecore\engines\tts\MSTTSEngine_OneCore.dll
0x00007ff8fe600000 - 0x00007ff8fe691000 	C:\WINDOWS\SYSTEM32\msvcp110_win.dll
0x00007ff8ee0a0000 - 0x00007ff8ee572000 	C:\WINDOWS\System32\Speech_OneCore\Common\sapi_onecore.dll
0x00007ff901120000 - 0x00007ff901150000 	C:\WINDOWS\SYSTEM32\SspiCli.dll
0x00007ff8f1a80000 - 0x00007ff8f1c49000 	C:\WINDOWS\SYSTEM32\urlmon.dll
0x00007ff8fc5f0000 - 0x00007ff8fc6cd000 	C:\WINDOWS\SYSTEM32\WINHTTP.dll
0x00007ff8f17d0000 - 0x00007ff8f1a76000 	C:\WINDOWS\SYSTEM32\iertutil.dll
0x00007ff8de100000 - 0x00007ff8de1b7000 	C:\Windows\System32\Windows.ApplicationModel.dll
0x00007ff8ff5d0000 - 0x00007ff8ff788000 	C:\Windows\System32\twinapi.appcore.dll
0x00007ff8ff520000 - 0x00007ff8ff541000 	C:\Windows\System32\RMCLIENT.dll
0x00007ff8f9700000 - 0x00007ff8f9744000 	C:\WINDOWS\SYSTEM32\wdmaud.drv
0x00007ff8fd820000 - 0x00007ff8fd829000 	C:\WINDOWS\SYSTEM32\ksuser.dll
0x00007ff8fb040000 - 0x00007ff8fb04d000 	C:\WINDOWS\SYSTEM32\msacm32.drv
0x00007ff8facb0000 - 0x00007ff8facba000 	C:\WINDOWS\SYSTEM32\midimap.dll
0x00007ff9006d0000 - 0x00007ff900726000 	C:\WINDOWS\SYSTEM32\WINSTA.dll
0x00007ff8f57c0000 - 0x00007ff8f58d4000 	C:\Windows\System32\Windows.UI.dll
0x00007ff8f7d10000 - 0x00007ff8f7d89000 	C:\Windows\System32\InputHost.dll
0x00007ff8d8af0000 - 0x00007ff8d8bad000 	C:\Windows\System32\speech_onecore\engines\tts\MSTTSLoc_OneCore.DLL
0x00007ff8fd8a0000 - 0x00007ff8fd8b3000 	C:\WINDOWS\system32\wtsapi32.dll
0x00007ff8ffbb0000 - 0x00007ff8ffd79000 	C:\WINDOWS\SYSTEM32\dbghelp.dll

VM Arguments:
jvm_args: -Xincgc -Xmx1024M -Xms1024M -Djava.library.path=C:\Users\Hamilton Lee\Desktop\Hack-Client\jars\versions\1.12\1.12-natives -Dfile.encoding=Cp1252 
java_command: Start
java_class_path (initial): C:\Users\Hamilton Lee\Desktop\Hack-Client\eclipse\Client\bin;C:\Users\Hamilton Lee\Desktop\Hack-Client\jars\versions\1.12\1.12.jar;C:\Users\Hamilton Lee\Desktop\Hack-Client\jars\libraries\com\mojang\patchy\1.1\patchy-1.1.jar;C:\Users\Hamilton Lee\Desktop\Hack-Client\jars\libraries\oshi-project\oshi-core\1.1\oshi-core-1.1.jar;C:\Users\Hamilton Lee\Desktop\Hack-Client\jars\libraries\net\java\dev\jna\jna\4.4.0\jna-4.4.0.jar;C:\Users\Hamilton Lee\Desktop\Hack-Client\jars\libraries\net\java\dev\jna\platform\3.4.0\platform-3.4.0.jar;C:\Users\Hamilton Lee\Desktop\Hack-Client\jars\libraries\com\ibm\icu\icu4j-core-mojang\51.2\icu4j-core-mojang-51.2.jar;C:\Users\Hamilton Lee\Desktop\Hack-Client\jars\libraries\net\sf\jopt-simple\jopt-simple\5.0.3\jopt-simple-5.0.3.jar;C:\Users\Hamilton Lee\Desktop\Hack-Client\jars\libraries\com\paulscode\codecjorbis\20101023\codecjorbis-20101023.jar;C:\Users\Hamilton Lee\Desktop\Hack-Client\jars\libraries\com\paulscode\codecwav\20101023\codecwav-20101023.jar;C:\Users\Hamilton Lee\Desktop\Hack-Client\jars\libraries\com\paulscode\libraryjavasound\20101123\libraryjavasound-20101123.jar;C:\Users\Hamilton Lee\Desktop\Hack-Client\jars\libraries\com\paulscode\librarylwjglopenal\20100824\librarylwjglopenal-20100824.jar;C:\Users\Hamilton Lee\Desktop\Hack-Client\jars\libraries\com\paulscode\soundsystem\20120107\soundsystem-20120107.jar;C:\Users\Hamilton Lee\Desktop\Hack-Client\jars\libraries\io\netty\netty-all\4.1.9.Final\netty-all-4.1.9.Final.jar;C:\Users\Hamilton Lee\Desktop\Hack-Client\jars\libraries\com\google\guava\guava\21.0\guava-21.0.jar;C:\Users\Hamilton Lee\Desktop\Hack-Client\jars\libraries\org\apache\commons\commons-lang3\3.5\commons-lang3-3.5.jar;C:\Users\Hamilton Lee\Desktop\Hack-Client\jars\libraries\commons-io\commons-io\2.5\commons-io-2.5.jar;C:\Users\Hamilton Lee\Desktop\Hack-Client\jars\libraries\commons-codec\commons-codec\1.10\commons-codec-1.10.jar;C:\Users\Hamilton Lee\Desktop\Hack-Client\jars\librarie
Launcher Type: SUN_STANDARD

Environment Variables:
PATH=C:/Program Files/Java/jre1.8.0_144/bin/server;C:/Program Files/Java/jre1.8.0_144/bin;C:/Program Files/Java/jre1.8.0_144/lib/amd64;C:\ProgramData\Oracle\Java\javapath;C:\windows\system32;C:\windows;C:\windows\System32\Wbem;C:\windows\System32\WindowsPowerShell\v1.0\;C:\WINDOWS\system32;C:\WINDOWS;C:\WINDOWS\System32\Wbem;C:\WINDOWS\System32\WindowsPowerShell\v1.0\;C:\Program Files (x86)\NVIDIA Corporation\PhysX\Common;C:\WINDOWS\system32;C:\WINDOWS;C:\WINDOWS\System32\Wbem;C:\WINDOWS\System32\WindowsPowerShell\v1.0\;C:\WINDOWS\System32\OpenSSH\;C:\Program Files\Microsoft SQL Server\Client SDK\ODBC\110\Tools\Binn\;C:\Program Files (x86)\Microsoft SQL Server\120\Tools\Binn\;C:\Program Files\Microsoft SQL Server\120\Tools\Binn\;C:\Program Files\Microsoft SQL Server\120\DTS\Binn\;C:\Program Files (x86)\Windows Kits\8.1\Windows Performance Toolkit\;C:\Program Files\NVIDIA Corporation\NVIDIA NvDLISR;C:\Program Files\MATLAB\R2018b\runtime\win64;C:\Program Files\MATLAB\R2018b\bin;C:\Program Files (x86)\Wolfram Research\WolframScript\;C:\Program Files\Git\cmd;C:\Program Files\dotnet\;C:\Program Files\Microsoft SQL Server\130\Tools\Binn\;C:\Program Files\Microsoft SQL Server\Client SDK\ODBC\170\Tools\Binn\;C:\Users\Hamilton Lee\AppData\Local\Microsoft\WindowsApps;C:\altera\15.0\modelsim_ase\win32aloem;C:\Users\Hamilton Lee\AppData\Local\GitHubDesktop\bin;C:\WINDOWS\System32;
USERNAME=Hamilton Lee
OS=Windows_NT
PROCESSOR_IDENTIFIER=Intel64 Family 6 Model 78 Stepping 3, GenuineIntel



---------------  S Y S T E M  ---------------

OS: Windows 10.0 , 64 bit Build 17134 (10.0.17134.753)

CPU:total 4 (initial active 4) (2 cores per cpu, 2 threads per core) family 6 model 78 stepping 3, cmov, cx8, fxsr, mmx, sse, sse2, sse3, ssse3, sse4.1, sse4.2, popcnt, avx, avx2, aes, clmul, erms, rtm, 3dnowpref, lzcnt, ht, tsc, tscinvbit, bmi1, bmi2, adx

Memory: 4k page, physical 16700704k(9209940k free), swap 19191072k(9052588k free)

vm_info: Java HotSpot(TM) 64-Bit Server VM (25.144-b01) for windows-amd64 JRE (1.8.0_144-b01), built on Jul 21 2017 21:57:33 by "java_re" with MS VC++ 10.0 (VS2010)

time: Tue Jul 16 14:59:54 2019
elapsed time: 48 seconds (0d 0h 0m 48s)

